<?xml version="1.0" encoding="UTF-8"?>
<item><pubDate>Sat, 25 May 2024 20:32:22 +0530</pubDate><title><![CDATA[test page]]></title><url><![CDATA[test-page]]></url><meta><![CDATA[]]></meta><metad><![CDATA[]]></metad><menu><![CDATA[test page]]></menu><menuOrder><![CDATA[0]]></menuOrder><menuStatus><![CDATA[]]></menuStatus><template><![CDATA[template.php]]></template><parent><![CDATA[]]></parent><content><![CDATA[&lt;p&gt;sdfsdfdsfds&lt;img alt=&quot;&quot; src=&quot;http://ashram.test/data/uploads/video-on-sanatan-dharm-hindi-1.jpeg&quot; style=&quot;width: 2754px; height: 3264px;&quot; /&gt;&lt;/p&gt;
]]></content><private><![CDATA[]]></private><author><![CDATA[vijay]]></author></item>
